Build started 01/05/2016 20:00:26.
     1>Project "C:\Users\Joshua Spaul\Documents\Programming\Udacity\Intro_to_parallel_programming\Cubing_Numbers\Cubing_Numbers\Cubing_Numbers.vcxproj" on node 2 (Build target(s)).
     1>AddCudaCompileDeps:
         C:\Program Files (x86)\Microsoft Visual Studio 12.0\VC\bin\x86_amd64\cl.exe /E /nologo /showIncludes /TP /D__CUDACC__ /DWIN32 /DWIN64 /D_DEBUG /D_CONSOLE /D_MBCS /I"C:\Program Files\NVIDIA GPU Computing Toolkit\CUDA\v7.5\include" /I"C:\Program Files\NVIDIA GPU Computing Toolkit\CUDA\v7.5\bin" /I"C:\Program Files\NVIDIA GPU Computing Toolkit\CUDA\v7.5\include" /I. /FIcuda_runtime.h /c "C:\Users\Joshua Spaul\Documents\Programming\Udacity\Intro_to_parallel_programming\Cubing_Numbers\Cubing_Numbers\cubeKernel.cu" 
       CudaBuild:
         Compiling CUDA source file cubeKernel.cu...
         cmd.exe /C "C:\Users\Joshua Spaul\AppData\Local\Temp\tmpd9671bbaa3c74990b020803c54458684.cmd"
         "C:\Program Files\NVIDIA GPU Computing Toolkit\CUDA\v7.5\bin\nvcc.exe" -gencode=arch=compute_20,code=\"sm_20,compute_20\" --use-local-env --cl-version 2013 -ccbin "C:\Program Files (x86)\Microsoft Visual Studio 12.0\VC\bin\x86_amd64"  -I"C:\Program Files\NVIDIA GPU Computing Toolkit\CUDA\v7.5\include" -I"C:\Program Files\NVIDIA GPU Computing Toolkit\CUDA\v7.5\include"  -G   --keep-dir x64\Debug -maxrregcount=0  --machine 64 --compile -cudart static  -g   -DWIN32 -DWIN64 -D_DEBUG -D_CONSOLE -D_MBCS -Xcompiler "/EHsc /W3 /nologo /Od /Zi /RTC1 /MDd " -o x64\Debug\cubeKernel.cu.obj "C:\Users\Joshua Spaul\Documents\Programming\Udacity\Intro_to_parallel_programming\Cubing_Numbers\Cubing_Numbers\cubeKernel.cu"
         
         C:\Users\Joshua Spaul\Documents\Programming\Udacity\Intro_to_parallel_programming\Cubing_Numbers\Cubing_Numbers>"C:\Program Files\NVIDIA GPU Computing Toolkit\CUDA\v7.5\bin\nvcc.exe" -gencode=arch=compute_20,code=\"sm_20,compute_20\" --use-local-env --cl-version 2013 -ccbin "C:\Program Files (x86)\Microsoft Visual Studio 12.0\VC\bin\x86_amd64"  -I"C:\Program Files\NVIDIA GPU Computing Toolkit\CUDA\v7.5\include" -I"C:\Program Files\NVIDIA GPU Computing Toolkit\CUDA\v7.5\include"  -G   --keep-dir x64\Debug -maxrregcount=0  --machine 64 --compile -cudart static  -g   -DWIN32 -DWIN64 -D_DEBUG -D_CONSOLE -D_MBCS -Xcompiler "/EHsc /W3 /nologo /Od /Zi /RTC1 /MDd " -o x64\Debug\cubeKernel.cu.obj "C:\Users\Joshua Spaul\Documents\Programming\Udacity\Intro_to_parallel_programming\Cubing_Numbers\Cubing_Numbers\cubeKernel.cu" 
         cubeKernel.cu
       Link:
         C:\Program Files (x86)\Microsoft Visual Studio 12.0\VC\bin\x86_amd64\link.exe /ERRORREPORT:PROMPT /OUT:"C:\Users\Joshua Spaul\Documents\Programming\Udacity\Intro_to_parallel_programming\Cubing_Numbers\x64\Debug\Cubing_Numbers.exe" /INCREMENTAL /NOLOGO /LIBPATH:"C:\Program Files\NVIDIA GPU Computing Toolkit\CUDA\v7.5\lib\x64" cudart.lib kernel32.lib user32.lib gdi32.lib winspool.lib comdlg32.lib advapi32.lib shell32.lib ole32.lib oleaut32.lib uuid.lib odbc32.lib odbccp32.lib kernel32.lib user32.lib gdi32.lib winspool.lib comdlg32.lib advapi32.lib shell32.lib ole32.lib oleaut32.lib uuid.lib odbc32.lib odbccp32.lib /MANIFEST /MANIFESTUAC:"level='asInvoker' uiAccess='false'" /manifest:embed /DEBUG /PDB:"C:\Users\Joshua Spaul\Documents\Programming\Udacity\Intro_to_parallel_programming\Cubing_Numbers\x64\Debug\Cubing_Numbers.pdb" /SUBSYSTEM:CONSOLE /TLBID:1 /DYNAMICBASE /NXCOMPAT /IMPLIB:"C:\Users\Joshua Spaul\Documents\Programming\Udacity\Intro_to_parallel_programming\Cubing_Numbers\x64\Debug\Cubing_Numbers.lib" /MACHINE:X64 x64\Debug\cubeKernel.cu.obj
         Cubing_Numbers.vcxproj -> C:\Users\Joshua Spaul\Documents\Programming\Udacity\Intro_to_parallel_programming\Cubing_Numbers\x64\Debug\Cubing_Numbers.exe
       PostBuildEvent:
         echo copy "C:\Program Files\NVIDIA GPU Computing Toolkit\CUDA\v7.5\bin\cudart*.dll" "C:\Users\Joshua Spaul\Documents\Programming\Udacity\Intro_to_parallel_programming\Cubing_Numbers\x64\Debug\"
         copy "C:\Program Files\NVIDIA GPU Computing Toolkit\CUDA\v7.5\bin\cudart*.dll" "C:\Users\Joshua Spaul\Documents\Programming\Udacity\Intro_to_parallel_programming\Cubing_Numbers\x64\Debug\"
         :VCEnd
         copy "C:\Program Files\NVIDIA GPU Computing Toolkit\CUDA\v7.5\bin\cudart*.dll" "C:\Users\Joshua Spaul\Documents\Programming\Udacity\Intro_to_parallel_programming\Cubing_Numbers\x64\Debug\"
         C:\Program Files\NVIDIA GPU Computing Toolkit\CUDA\v7.5\bin\cudart32_75.dll
         C:\Program Files\NVIDIA GPU Computing Toolkit\CUDA\v7.5\bin\cudart64_75.dll
                 2 file(s) copied.
     1>Done Building Project "C:\Users\Joshua Spaul\Documents\Programming\Udacity\Intro_to_parallel_programming\Cubing_Numbers\Cubing_Numbers\Cubing_Numbers.vcxproj" (Build target(s)).

Build succeeded.

Time Elapsed 00:00:04.49
