Build started 02/05/2016 20:24:04.
     1>Project "C:\Users\Joshua Spaul\Documents\Programming\Udacity\Intro_to_parallel_programming\hello_blockId\hello_blockId\hello_blockId.vcxproj" on node 2 (Build target(s)).
     1>AddCudaCompileDeps:
         C:\Program Files (x86)\Microsoft Visual Studio 12.0\VC\bin\cl.exe /E /nologo /showIncludes /TP /D__CUDACC__ /DWIN32 /D_DEBUG /D_CONSOLE /D_MBCS /I"C:\Program Files\NVIDIA GPU Computing Toolkit\CUDA\v7.5\include" /I"C:\Program Files\NVIDIA GPU Computing Toolkit\CUDA\v7.5\bin" /I"C:\Program Files\NVIDIA GPU Computing Toolkit\CUDA\v7.5\include" /I. /FIcuda_runtime.h /c "C:\Users\Joshua Spaul\Documents\Programming\Udacity\Intro_to_parallel_programming\hello_blockId\hello_blockId\kernel.cu" 
       CudaBuild:
         Compiling CUDA source file kernel.cu...
         cmd.exe /C "C:\Users\Joshua Spaul\AppData\Local\Temp\tmpb3f9a06bdfb44f1782acf7730d5a5aeb.cmd"
         "C:\Program Files\NVIDIA GPU Computing Toolkit\CUDA\v7.5\bin\nvcc.exe" -gencode=arch=compute_20,code=\"sm_20,compute_20\" --use-local-env --cl-version 2013 -ccbin "C:\Program Files (x86)\Microsoft Visual Studio 12.0\VC\bin"  -I"C:\Program Files\NVIDIA GPU Computing Toolkit\CUDA\v7.5\include" -I"C:\Program Files\NVIDIA GPU Computing Toolkit\CUDA\v7.5\include"  -G   --keep-dir Debug -maxrregcount=0  --machine 32 --compile -cudart static  -g   -DWIN32 -D_DEBUG -D_CONSOLE -D_MBCS -Xcompiler "/EHsc /W3 /nologo /Od /Zi /RTC1 /MDd " -o Debug\kernel.cu.obj "C:\Users\Joshua Spaul\Documents\Programming\Udacity\Intro_to_parallel_programming\hello_blockId\hello_blockId\kernel.cu"
         
         C:\Users\Joshua Spaul\Documents\Programming\Udacity\Intro_to_parallel_programming\hello_blockId\hello_blockId>"C:\Program Files\NVIDIA GPU Computing Toolkit\CUDA\v7.5\bin\nvcc.exe" -gencode=arch=compute_20,code=\"sm_20,compute_20\" --use-local-env --cl-version 2013 -ccbin "C:\Program Files (x86)\Microsoft Visual Studio 12.0\VC\bin"  -I"C:\Program Files\NVIDIA GPU Computing Toolkit\CUDA\v7.5\include" -I"C:\Program Files\NVIDIA GPU Computing Toolkit\CUDA\v7.5\include"  -G   --keep-dir Debug -maxrregcount=0  --machine 32 --compile -cudart static  -g   -DWIN32 -D_DEBUG -D_CONSOLE -D_MBCS -Xcompiler "/EHsc /W3 /nologo /Od /Zi /RTC1 /MDd " -o Debug\kernel.cu.obj "C:\Users\Joshua Spaul\Documents\Programming\Udacity\Intro_to_parallel_programming\hello_blockId\hello_blockId\kernel.cu" 
         kernel.cu
       Link:
         C:\Program Files (x86)\Microsoft Visual Studio 12.0\VC\bin\link.exe /ERRORREPORT:PROMPT /OUT:"C:\Users\Joshua Spaul\Documents\Programming\Udacity\Intro_to_parallel_programming\hello_blockId\Debug\hello_blockId.exe" /INCREMENTAL /NOLOGO /LIBPATH:"C:\Program Files\NVIDIA GPU Computing Toolkit\CUDA\v7.5\lib\Win32" cudart.lib kernel32.lib user32.lib gdi32.lib winspool.lib comdlg32.lib advapi32.lib shell32.lib ole32.lib oleaut32.lib uuid.lib odbc32.lib odbccp32.lib kernel32.lib user32.lib gdi32.lib winspool.lib comdlg32.lib advapi32.lib shell32.lib ole32.lib oleaut32.lib uuid.lib odbc32.lib odbccp32.lib /MANIFEST /MANIFESTUAC:"level='asInvoker' uiAccess='false'" /manifest:embed /DEBUG /PDB:"C:\Users\Joshua Spaul\Documents\Programming\Udacity\Intro_to_parallel_programming\hello_blockId\Debug\hello_blockId.pdb" /SUBSYSTEM:CONSOLE /TLBID:1 /DYNAMICBASE /NXCOMPAT /IMPLIB:"C:\Users\Joshua Spaul\Documents\Programming\Udacity\Intro_to_parallel_programming\hello_blockId\Debug\hello_blockId.lib" /MACHINE:X86 Debug\kernel.cu.obj
         hello_blockId.vcxproj -> C:\Users\Joshua Spaul\Documents\Programming\Udacity\Intro_to_parallel_programming\hello_blockId\Debug\hello_blockId.exe
       PostBuildEvent:
         echo copy "C:\Program Files\NVIDIA GPU Computing Toolkit\CUDA\v7.5\bin\cudart*.dll" "C:\Users\Joshua Spaul\Documents\Programming\Udacity\Intro_to_parallel_programming\hello_blockId\Debug\"
         copy "C:\Program Files\NVIDIA GPU Computing Toolkit\CUDA\v7.5\bin\cudart*.dll" "C:\Users\Joshua Spaul\Documents\Programming\Udacity\Intro_to_parallel_programming\hello_blockId\Debug\"
         :VCEnd
         copy "C:\Program Files\NVIDIA GPU Computing Toolkit\CUDA\v7.5\bin\cudart*.dll" "C:\Users\Joshua Spaul\Documents\Programming\Udacity\Intro_to_parallel_programming\hello_blockId\Debug\"
         C:\Program Files\NVIDIA GPU Computing Toolkit\CUDA\v7.5\bin\cudart32_75.dll
         C:\Program Files\NVIDIA GPU Computing Toolkit\CUDA\v7.5\bin\cudart64_75.dll
                 2 file(s) copied.
     1>Done Building Project "C:\Users\Joshua Spaul\Documents\Programming\Udacity\Intro_to_parallel_programming\hello_blockId\hello_blockId\hello_blockId.vcxproj" (Build target(s)).

Build succeeded.

Time Elapsed 00:00:04.51
